<?xml version="1.0" encoding="UTF-8"?>
<testng-results skipped="0" failed="0" ignored="0" total="1" passed="1">
  <reporter-output>
  </reporter-output>
  <suite name="Suite" duration-ms="15825" started-at="2019-06-28T16:59:32Z" finished-at="2019-06-28T16:59:48Z">
    <groups>
    </groups>
    <test name="Test" duration-ms="15825" started-at="2019-06-28T16:59:32Z" finished-at="2019-06-28T16:59:48Z">
      <class name="testScripts.TC_Login">
        <test-method status="PASS" signature="initialize()[pri:0, instance:testScripts.TC_Login@39aeed2f]" name="initialize" is-config="true" duration-ms="5738" started-at="2019-06-28T22:29:32Z" finished-at="2019-06-28T22:29:38Z">
          <reporter-output>
          </reporter-output>
        </test-method> <!-- initialize -->
        <test-method status="PASS" signature="script()[pri:0, instance:testScripts.TC_Login@39aeed2f]" name="script" duration-ms="8791" started-at="2019-06-28T22:29:38Z" finished-at="2019-06-28T22:29:47Z">
          <reporter-output>
          </reporter-output>
        </test-method> <!-- script -->
        <test-method status="PASS" signature="teardown()[pri:0, instance:testScripts.TC_Login@39aeed2f]" name="teardown" is-config="true" duration-ms="1264" started-at="2019-06-28T22:29:47Z" finished-at="2019-06-28T22:29:48Z">
          <reporter-output>
          </reporter-output>
        </test-method> <!-- teardown -->
      </class> <!-- testScripts.TC_Login -->
    </test> <!-- Test -->
  </suite> <!-- Suite -->
</testng-results>
