<?xml version="1.0" encoding="UTF-8"?>
<!-- Generated by org.testng.reporters.JUnitXMLReporter -->
<testsuite hostname="DERIW42SLPC1327" ignored="0" name="Sanity tests" tests="3" failures="0" timestamp="12 Jun 2019 15:50:45 GMT" time="0.036" errors="0">
  <testcase name="est2" time="0.015" classname="basicAnnotations.TestNGClass2"/>
  <testcase name="test1" time="0.0" classname="basicAnnotations.TestNGClass2"/>
  <testcase name="test3" time="0.002" classname="basicAnnotations.TestNGClass3"/>
</testsuite> <!-- Sanity tests -->
