<?xml version="1.0" encoding="UTF-8"?>
<!-- Generated by org.testng.reporters.JUnitXMLReporter -->
<testsuite hostname="DERIW42SLPC1327" ignored="0" name="Test" tests="3" failures="0" timestamp="12 Jun 2019 15:41:12 GMT" time="0.1" errors="0">
  <testcase name="test3" time="0.012" classname="basicAnnotations.TestNGClass3"/>
  <testcase name="est2" time="0.0" classname="basicAnnotations.TestNGClass2"/>
  <testcase name="test1" time="0.0" classname="basicAnnotations.TestNGClass2"/>
</testsuite> <!-- Test -->
