<?xml version="1.0" encoding="UTF-8"?>
<testng-results skipped="0" failed="0" ignored="0" total="1" passed="1">
  <reporter-output>
  </reporter-output>
  <suite name="Default suite" duration-ms="16743" started-at="2019-06-19T14:32:35Z" finished-at="2019-06-19T14:32:52Z">
    <groups>
    </groups>
    <test name="Default test" duration-ms="16743" started-at="2019-06-19T14:32:35Z" finished-at="2019-06-19T14:32:52Z">
      <class name="basicSelenium.SeleniumClass3">
        <test-method status="PASS" signature="test()[pri:0, instance:basicSelenium.SeleniumClass3@1b604f19]" name="test" duration-ms="16707" started-at="2019-06-19T20:02:35Z" finished-at="2019-06-19T20:02:52Z">
          <reporter-output>
          </reporter-output>
        </test-method> <!-- test -->
      </class> <!-- basicSelenium.SeleniumClass3 -->
    </test> <!-- Default test -->
  </suite> <!-- Default suite -->
</testng-results>
